Using pre-set license
Built from '2020.3/staging' branch; Version is '2020.3.11f1 (99c7afb366b3) revision 10078127'; Using compiler version '192528614'; Build Type 'Release'
OS: 'Windows 10 Home Single Language; OS build 19044.1466; Version 2009; 64bit' Language: 'en' Physical Memory: 7930 MB
BatchMode: 1, IsHumanControllingUs: 0, StartBugReporterOnCrash: 0, Is64bit: 1, IsPro: 0

 COMMAND LINE ARGUMENTS:
C:\Program Files\Unity\Hub\Editor\2020.3.11f1\Editor\Unity.exe
-adb2
-batchMode
-noUpm
-name
AssetImportWorker0
-projectPath
D:/Work/Side Project/2021/Universitas Terbuka/unity-project-AR-Mata-UT
-logFile
Logs/AssetImportWorker0.log
-srvPort
49793
Successfully changed project path to: D:/Work/Side Project/2021/Universitas Terbuka/unity-project-AR-Mata-UT
D:/Work/Side Project/2021/Universitas Terbuka/unity-project-AR-Mata-UT
Using Asset Import Pipeline V2.
Refreshing native plugins compatible for Editor in 30.22 ms, found 3 plugins.
Preloading 0 native plugins for Editor in 0.00 ms.
Initialize engine version: 2020.3.11f1 (99c7afb366b3)
[Subsystems] Discovering subsystems at path C:/Program Files/Unity/Hub/Editor/2020.3.11f1/Editor/Data/Resources/UnitySubsystems
[Subsystems] Discovering subsystems at path D:/Work/Side Project/2021/Universitas Terbuka/unity-project-AR-Mata-UT/Assets
GfxDevice: creating device client; threaded=0
Direct3D:
    Version:  Direct3D 11.0 [level 11.1]
    Renderer: NVIDIA GeForce RTX 3060 Laptop GPU (ID=0x2520)
    Vendor:   
    VRAM:     6023 MB
    Driver:   30.0.14.9709
Initialize mono
Mono path[0] = 'C:/Program Files/Unity/Hub/Editor/2020.3.11f1/Editor/Data/Managed'
Mono path[1] = 'C:/Program Files/Unity/Hub/Editor/2020.3.11f1/Editor/Data/MonoBleedingEdge/lib/mono/unityjit'
Mono config path = 'C:/Program Files/Unity/Hub/Editor/2020.3.11f1/Editor/Data/MonoBleedingEdge/etc'
Using monoOptions --debugger-agent=transport=dt_socket,embedding=1,server=y,suspend=n,address=127.0.0.1:56904
Begin MonoManager ReloadAssembly
Registering precompiled unity dll's ...
Register platform support module: C:/Program Files/Unity/Hub/Editor/2020.3.11f1/Editor/Data/PlaybackEngines/WindowsStandaloneSupport/UnityEditor.WindowsStandalone.Extensions.dll
Registered in 0.001281 seconds.
Native extension for WindowsStandalone target not found
Refreshing native plugins compatible for Editor in 27.12 ms, found 3 plugins.
Preloading 0 native plugins for Editor in 0.00 ms.
Mono: successfully reloaded assembly
- Completed reload, in  1.278 seconds
Platform modules already initialized, skipping
Registering precompiled user dll's ...
Registered in 0.087915 seconds.
Begin MonoManager ReloadAssembly
Native extension for WindowsStandalone target not found
Refreshing native plugins compatible for Editor in 0.47 ms, found 3 plugins.
Preloading 0 native plugins for Editor in 0.00 ms.
Mono: successfully reloaded assembly
- Completed reload, in  0.757 seconds
Platform modules already initialized, skipping
========================================================================
Worker process is ready to serve import requests
Launched and connected shader compiler UnityShaderCompiler.exe after 0.04 seconds
Refreshing native plugins compatible for Editor in 0.70 ms, found 3 plugins.
Preloading 0 native plugins for Editor in 0.00 ms.
Unloading 1589 Unused Serialized files (Serialized files now loaded: 0)
System memory in use before: 75.8 MB.
System memory in use after: 75.9 MB.

Unloading 33 unused Assets to reduce memory usage. Loaded Objects now: 2009.
Total: 2.858600 ms (FindLiveObjects: 0.287400 ms CreateObjectMapping: 0.088000 ms MarkObjects: 2.393900 ms  DeleteObjects: 0.086900 ms)

========================================================================
Received Import Request.
  path: Assets/UT/Model/CaraMataMelihat/Prefabs/mata_melihat suatu benda.prefab
  artifactKey: Guid(b20b8cf46aa224544b91a43d3b188ee0) Importer(815301076,1909f56bfc062723c751e8b465ee728b)
Start importing Assets/UT/Model/CaraMataMelihat/Prefabs/mata_melihat suatu benda.prefab using Guid(b20b8cf46aa224544b91a43d3b188ee0) Importer(815301076,1909f56bfc062723c751e8b465ee728b)  -> (artifact id: '638bc20b80400eb2bfba8fefbab59040') in 0.121979 seconds
  Import took 0.126612 seconds .

========================================================================
Received Import Request.
  Time since last request: 0.000246 seconds.
  path: Assets/UT/Model/CaraMataMelihat/Prefabs
  artifactKey: Guid(211d666fbc8720f4fadca4e1352efde0) Importer(815301076,1909f56bfc062723c751e8b465ee728b)
Start importing Assets/UT/Model/CaraMataMelihat/Prefabs using Guid(211d666fbc8720f4fadca4e1352efde0) Importer(815301076,1909f56bfc062723c751e8b465ee728b)  -> (artifact id: '6d384157b50eb82a60869f640698f4b6') in 0.006935 seconds
  Import took 0.010550 seconds .

========================================================================
Received Prepare
Registering precompiled user dll's ...
Registered in 0.011849 seconds.
Begin MonoManager ReloadAssembly
Native extension for WindowsStandalone target not found
Refreshing native plugins compatible for Editor in 0.49 ms, found 3 plugins.
Preloading 0 native plugins for Editor in 0.00 ms.
Mono: successfully reloaded assembly
- Completed reload, in  0.738 seconds
Platform modules already initialized, skipping
Switching build target platform(19) subTarget(0) extendedPlatform(0) -> platform(13) subTarget(524288) extendedPlatform(0)
Refreshing native plugins compatible for Editor in 0.46 ms, found 3 plugins.
Preloading 0 native plugins for Editor in 0.00 ms.
Unloading 1563 Unused Serialized files (Serialized files now loaded: 0)
System memory in use before: 76.3 MB.
System memory in use after: 76.4 MB.

Unloading 28 unused Assets to reduce memory usage. Loaded Objects now: 2020.
Total: 1.842700 ms (FindLiveObjects: 0.136500 ms CreateObjectMapping: 0.034600 ms MarkObjects: 1.655400 ms  DeleteObjects: 0.015300 ms)

AssetImportParameters requested are different than current active one (requested -> active):
  custom:graphics/normal-map-encoding: 01000000000000000000000000000000 -> 02000000000000000000000000000000
========================================================================
Received Import Request.
  Time since last request: 2264.638309 seconds.
  path: Assets/UT/Model/CaraMataMelihat/mata_melihat suatu benda.fbx
  artifactKey: Guid(a64983f7f941c9d4d84912f37c24a492) Importer(815301076,1909f56bfc062723c751e8b465ee728b)
Start importing Assets/UT/Model/CaraMataMelihat/mata_melihat suatu benda.fbx using Guid(a64983f7f941c9d4d84912f37c24a492) Importer(815301076,1909f56bfc062723c751e8b465ee728b)  -> (artifact id: '89699dc0c67a094bba8d986b1eff0b51') in 0.147380 seconds
  Import took 0.152643 seconds .

========================================================================
Received Import Request.
  Time since last request: 73.256767 seconds.
  path: Assets/TextMesh Pro/Resources/Fonts & Materials/LiberationSans SDF - Fallback.asset
  artifactKey: Guid(2e498d1c8094910479dc3e1b768306a4) Importer(815301076,1909f56bfc062723c751e8b465ee728b)
Start importing Assets/TextMesh Pro/Resources/Fonts & Materials/LiberationSans SDF - Fallback.asset using Guid(2e498d1c8094910479dc3e1b768306a4) Importer(815301076,1909f56bfc062723c751e8b465ee728b)  -> (artifact id: 'a2fb5f4c99f68516293ea2a7b5be91e3') in 0.134625 seconds
  Import took 0.139165 seconds .

========================================================================
Received Import Request.
  Time since last request: 0.000292 seconds.
  path: Assets/LeanTween/Examples/Material/LineGlowMaterial.mat
  artifactKey: Guid(658f4eba50cce41098da6ed347d8d270) Importer(815301076,1909f56bfc062723c751e8b465ee728b)
Start importing Assets/LeanTween/Examples/Material/LineGlowMaterial.mat using Guid(658f4eba50cce41098da6ed347d8d270) Importer(815301076,1909f56bfc062723c751e8b465ee728b)  -> (artifact id: '11cb1a0453311213127d2eee1333b07b') in 0.097823 seconds
  Import took 0.101003 seconds .

========================================================================
Received Import Request.
  Time since last request: 0.000264 seconds.
  path: Assets/UT/Model/CaraMataMelihat/Materials/light.003.mat
  artifactKey: Guid(0f65b6134d163ba4983e81989349e037) Importer(815301076,1909f56bfc062723c751e8b465ee728b)
Start importing Assets/UT/Model/CaraMataMelihat/Materials/light.003.mat using Guid(0f65b6134d163ba4983e81989349e037) Importer(815301076,1909f56bfc062723c751e8b465ee728b)  -> (artifact id: 'b66dc69b3034b53bd749caac61806823') in 0.012316 seconds
  Import took 0.016642 seconds .

========================================================================
Received Import Request.
  Time since last request: 0.000213 seconds.
  path: Assets/TextMesh Pro/Resources/Fonts & Materials/LiberationSans SDF - Fallback.asset
  artifactKey: Guid(2e498d1c8094910479dc3e1b768306a4) Importer(815301076,1909f56bfc062723c751e8b465ee728b)
Start importing Assets/TextMesh Pro/Resources/Fonts & Materials/LiberationSans SDF - Fallback.asset using Guid(2e498d1c8094910479dc3e1b768306a4) Importer(815301076,1909f56bfc062723c751e8b465ee728b)  -> (artifact id: 'a2fb5f4c99f68516293ea2a7b5be91e3') in 0.019820 seconds
  Import took 0.024142 seconds .

========================================================================
Received Import Request.
  Time since last request: 0.000338 seconds.
  path: Assets/UT/Model/Materials/light.mat
  artifactKey: Guid(3c46c00b0e238ab43b25333bf25ef21c) Importer(815301076,1909f56bfc062723c751e8b465ee728b)
Start importing Assets/UT/Model/Materials/light.mat using Guid(3c46c00b0e238ab43b25333bf25ef21c) Importer(815301076,1909f56bfc062723c751e8b465ee728b)  -> (artifact id: '5348122060916990cc9bd2cef01c8076') in 0.012386 seconds
  Import took 0.016179 seconds .

========================================================================
Received Import Request.
  Time since last request: 0.000403 seconds.
  path: Assets/UT/Model/RabunDekat/Materials/light1.001.mat
  artifactKey: Guid(2642c88fc99f952459ad601f9eb38c1c) Importer(815301076,1909f56bfc062723c751e8b465ee728b)
Start importing Assets/UT/Model/RabunDekat/Materials/light1.001.mat using Guid(2642c88fc99f952459ad601f9eb38c1c) Importer(815301076,1909f56bfc062723c751e8b465ee728b)  -> (artifact id: 'e05cf13b6179f12cbc28b290f4df248f') in 0.016618 seconds
  Import took 0.019923 seconds .

========================================================================
Received Import Request.
  Time since last request: 0.000425 seconds.
  path: Assets/UT/Model/RabunDekat/Materials/light2.001.mat
  artifactKey: Guid(0b6117141242f22419bcadbaef9385e3) Importer(815301076,1909f56bfc062723c751e8b465ee728b)
Start importing Assets/UT/Model/RabunDekat/Materials/light2.001.mat using Guid(0b6117141242f22419bcadbaef9385e3) Importer(815301076,1909f56bfc062723c751e8b465ee728b)  -> (artifact id: '86c9aca04cf6dbf026b83fe29ed80dca') in 0.017129 seconds
  Import took 0.020311 seconds .

========================================================================
Received Import Request.
  Time since last request: 5.653157 seconds.
  path: Assets/LeanTween/Examples/Models/Materials/LineMaterial.mat
  artifactKey: Guid(cf41397dc908943a38769b3d61f3877a) Importer(815301076,1909f56bfc062723c751e8b465ee728b)
Start importing Assets/LeanTween/Examples/Models/Materials/LineMaterial.mat using Guid(cf41397dc908943a38769b3d61f3877a) Importer(815301076,1909f56bfc062723c751e8b465ee728b)  -> (artifact id: 'a086a77c1ef76577e0d4f17a10b358e3') in 0.119238 seconds
  Import took 0.124293 seconds .

========================================================================
Received Import Request.
  Time since last request: 118.967695 seconds.
  path: Assets/Simple Scroll-Snap/Examples/Example 2 (iOS Home Screen)/Sprites/background.PNG
  artifactKey: Guid(4b240666149120f4e90406f2a593fbc8) Importer(815301076,1909f56bfc062723c751e8b465ee728b)
Start importing Assets/Simple Scroll-Snap/Examples/Example 2 (iOS Home Screen)/Sprites/background.PNG using Guid(4b240666149120f4e90406f2a593fbc8) Importer(815301076,1909f56bfc062723c751e8b465ee728b)  -> (artifact id: '305e60ff0c3433deaf446c8c7473c212') in 0.111832 seconds
  Import took 0.116000 seconds .

========================================================================
Received Import Request.
  Time since last request: 0.000293 seconds.
  path: Assets/UT/2D/Background/circle_64.png
  artifactKey: Guid(41296d4a9ec2ed6409981af3b03fb41b) Importer(815301076,1909f56bfc062723c751e8b465ee728b)
Start importing Assets/UT/2D/Background/circle_64.png using Guid(41296d4a9ec2ed6409981af3b03fb41b) Importer(815301076,1909f56bfc062723c751e8b465ee728b)  -> (artifact id: '44b66298ff4d411c70001cc2a8848b64') in 0.017938 seconds
  Import took 0.021182 seconds .

========================================================================
Received Import Request.
  Time since last request: 0.000218 seconds.
  path: Assets/Simple Scroll-Snap/Examples/Example 2 (iOS Home Screen)/Sprites/background.PNG
  artifactKey: Guid(4b240666149120f4e90406f2a593fbc8) Importer(815301076,1909f56bfc062723c751e8b465ee728b)
Start importing Assets/Simple Scroll-Snap/Examples/Example 2 (iOS Home Screen)/Sprites/background.PNG using Guid(4b240666149120f4e90406f2a593fbc8) Importer(815301076,1909f56bfc062723c751e8b465ee728b)  -> (artifact id: '305e60ff0c3433deaf446c8c7473c212') in 0.032515 seconds
  Import took 0.035316 seconds .

========================================================================
Received Import Request.
  Time since last request: 0.000344 seconds.
  path: Assets/Simple Scroll-Snap/Examples/Example 3 (Slot Machine)/Sprites/Casino Background.png
  artifactKey: Guid(1d9f629b998d7754eb2e5debba20cd1d) Importer(815301076,1909f56bfc062723c751e8b465ee728b)
Start importing Assets/Simple Scroll-Snap/Examples/Example 3 (Slot Machine)/Sprites/Casino Background.png using Guid(1d9f629b998d7754eb2e5debba20cd1d) Importer(815301076,1909f56bfc062723c751e8b465ee728b)  -> (artifact id: '30d75f62f20b8785dc72dabeeebfdb00') in 0.037827 seconds
  Import took 0.040823 seconds .

========================================================================
Received Import Request.
  Time since last request: 0.000243 seconds.
  path: Assets/UT/2D/Background/circle_32.png
  artifactKey: Guid(62d017d8c7da2184fbb280e519c50421) Importer(815301076,1909f56bfc062723c751e8b465ee728b)
Start importing Assets/UT/2D/Background/circle_32.png using Guid(62d017d8c7da2184fbb280e519c50421) Importer(815301076,1909f56bfc062723c751e8b465ee728b)  -> (artifact id: '7a5c2bbf71673afaa0351c25ba92ce5e') in 0.015716 seconds
  Import took 0.019572 seconds .

========================================================================
Received Import Request.
  Time since last request: 0.000180 seconds.
  path: Assets/UT/2D/Background/circle_16.png
  artifactKey: Guid(31efd92f7d6ba914fb7102b0f37ebe19) Importer(815301076,1909f56bfc062723c751e8b465ee728b)
Start importing Assets/UT/2D/Background/circle_16.png using Guid(31efd92f7d6ba914fb7102b0f37ebe19) Importer(815301076,1909f56bfc062723c751e8b465ee728b)  -> (artifact id: '2f42390a6b307c6395379e31f2047a06') in 0.014627 seconds
  Import took 0.017707 seconds .

========================================================================
Received Import Request.
  Time since last request: 37.455454 seconds.
  path: Assets/UT/Model/CaraMataMelihat/mata_melihat suatu benda.fbx
  artifactKey: Guid(a64983f7f941c9d4d84912f37c24a492) Importer(815301076,1909f56bfc062723c751e8b465ee728b)
Start importing Assets/UT/Model/CaraMataMelihat/mata_melihat suatu benda.fbx using Guid(a64983f7f941c9d4d84912f37c24a492) Importer(815301076,1909f56bfc062723c751e8b465ee728b)  -> (artifact id: '272dd6867c3e31bd077493fa6b1ad7c1') in 0.044520 seconds
  Import took 0.048466 seconds .

========================================================================
Received Import Request.
  Time since last request: 0.015102 seconds.
  path: Assets/UT/Model/CaraMataMelihat/mata_melihat suatu benda.fbx
  artifactKey: Guid(a64983f7f941c9d4d84912f37c24a492) Importer(815301076,1909f56bfc062723c751e8b465ee728b)
Start importing Assets/UT/Model/CaraMataMelihat/mata_melihat suatu benda.fbx using Guid(a64983f7f941c9d4d84912f37c24a492) Importer(815301076,1909f56bfc062723c751e8b465ee728b)  -> (artifact id: '272dd6867c3e31bd077493fa6b1ad7c1') in 0.036036 seconds
  Import took 0.039079 seconds .

========================================================================
Received Import Request.
  Time since last request: 7.242815 seconds.
  path: Assets/UT/Model/CaraMataMelihat/Materials
  artifactKey: Guid(97166b0cce29990458fae1c734b065f8) Importer(815301076,1909f56bfc062723c751e8b465ee728b)
Start importing Assets/UT/Model/CaraMataMelihat/Materials using Guid(97166b0cce29990458fae1c734b065f8) Importer(815301076,1909f56bfc062723c751e8b465ee728b)  -> (artifact id: '2f6c486daf333ee7c5f80c13c50205eb') in 0.007790 seconds
  Import took 0.010764 seconds .

========================================================================
Received Import Request.
  Time since last request: 6.966354 seconds.
  path: Assets/LeanTween/Examples/Material/AlphaReadyMaterial.mat
  artifactKey: Guid(61731bf38a6fa4d66b536bc03fc8eb3f) Importer(815301076,1909f56bfc062723c751e8b465ee728b)
Start importing Assets/LeanTween/Examples/Material/AlphaReadyMaterial.mat using Guid(61731bf38a6fa4d66b536bc03fc8eb3f) Importer(815301076,1909f56bfc062723c751e8b465ee728b)  -> (artifact id: '34c1e9dbc9e5d8422434eadaacf6d946') in 0.099729 seconds
  Import took 0.103362 seconds .

========================================================================
Received Import Request.
  Time since last request: 0.000202 seconds.
  path: Assets/LeanTween/Examples/Material/AlphBumps.mat
  artifactKey: Guid(12c720f1dd5674502bc1185ff99b70f9) Importer(815301076,1909f56bfc062723c751e8b465ee728b)
Start importing Assets/LeanTween/Examples/Material/AlphBumps.mat using Guid(12c720f1dd5674502bc1185ff99b70f9) Importer(815301076,1909f56bfc062723c751e8b465ee728b)  -> (artifact id: 'e226e78da6293c4fb21abbaf14f653dc') in 0.108560 seconds
  Import took 0.111985 seconds .

========================================================================
Received Import Request.
  Time since last request: 0.000282 seconds.
  path: Assets/UT/Model/Eyepart/Materials/bola_mata.mat
  artifactKey: Guid(1c97bf963fb272d4fac72e1d37b1b700) Importer(815301076,1909f56bfc062723c751e8b465ee728b)
Start importing Assets/UT/Model/Eyepart/Materials/bola_mata.mat using Guid(1c97bf963fb272d4fac72e1d37b1b700) Importer(815301076,1909f56bfc062723c751e8b465ee728b)  -> (artifact id: '33c2124f567328fd1b5f478f3b839efb') in 0.014019 seconds
  Import took 0.017127 seconds .

========================================================================
Received Import Request.
  Time since last request: 0.000233 seconds.
  path: Assets/LeanTween/Examples/Material/AlphaReadyMaterial.mat
  artifactKey: Guid(61731bf38a6fa4d66b536bc03fc8eb3f) Importer(815301076,1909f56bfc062723c751e8b465ee728b)
Start importing Assets/LeanTween/Examples/Material/AlphaReadyMaterial.mat using Guid(61731bf38a6fa4d66b536bc03fc8eb3f) Importer(815301076,1909f56bfc062723c751e8b465ee728b)  -> (artifact id: '34c1e9dbc9e5d8422434eadaacf6d946') in 0.007340 seconds
  Import took 0.010148 seconds .

========================================================================
Received Import Request.
  Time since last request: 0.000195 seconds.
  path: Assets/UT/Model/Eyepart/Materials/batang_mata.mat
  artifactKey: Guid(5e2009d1b614ccd4c8e9061aa9c5119e) Importer(815301076,1909f56bfc062723c751e8b465ee728b)
Start importing Assets/UT/Model/Eyepart/Materials/batang_mata.mat using Guid(5e2009d1b614ccd4c8e9061aa9c5119e) Importer(815301076,1909f56bfc062723c751e8b465ee728b)  -> (artifact id: 'b903524ba669a1604b748dd34572d1b9') in 0.011050 seconds
  Import took 0.016016 seconds .

========================================================================
Received Import Request.
  Time since last request: 1.948737 seconds.
  path: Assets/LeanTween/Examples/Material/GridLines.mat
  artifactKey: Guid(9a06e258e3bf640e885048b32fdf51b7) Importer(815301076,1909f56bfc062723c751e8b465ee728b)
Start importing Assets/LeanTween/Examples/Material/GridLines.mat using Guid(9a06e258e3bf640e885048b32fdf51b7) Importer(815301076,1909f56bfc062723c751e8b465ee728b)  -> (artifact id: '17e287f204b4304078bee3c6e02ea231') in 0.100104 seconds
  Import took 0.104003 seconds .

========================================================================
Received Import Request.
  Time since last request: 0.000369 seconds.
  path: Assets/TextMesh Pro/Resources/Fonts & Materials/LiberationSans SDF - Outline.mat
  artifactKey: Guid(79459efec17a4d00a321bdcc27bbc385) Importer(815301076,1909f56bfc062723c751e8b465ee728b)
Start importing Assets/TextMesh Pro/Resources/Fonts & Materials/LiberationSans SDF - Outline.mat using Guid(79459efec17a4d00a321bdcc27bbc385) Importer(815301076,1909f56bfc062723c751e8b465ee728b)  -> (artifact id: '289988fcecf3b00d1602f8d2b589f7dd') in 0.074553 seconds
  Import took 0.078354 seconds .

========================================================================
Received Import Request.
  Time since last request: 0.000481 seconds.
  path: Assets/UT/Model/Eyepart/Materials/kulit_dalam_mata2.mat
  artifactKey: Guid(c99b48cf505cb0c43b1299ed289f6880) Importer(815301076,1909f56bfc062723c751e8b465ee728b)
Start importing Assets/UT/Model/Eyepart/Materials/kulit_dalam_mata2.mat using Guid(c99b48cf505cb0c43b1299ed289f6880) Importer(815301076,1909f56bfc062723c751e8b465ee728b)  -> (artifact id: '13a48677150363e360bf2e874abbda96') in 0.012211 seconds
  Import took 0.016527 seconds .

========================================================================
Received Import Request.
  Time since last request: 0.000383 seconds.
  path: Assets/TextMesh Pro/Resources/Fonts & Materials/LiberationSans SDF - Drop Shadow.mat
  artifactKey: Guid(e73a58f6e2794ae7b1b7e50b7fb811b0) Importer(815301076,1909f56bfc062723c751e8b465ee728b)
Start importing Assets/TextMesh Pro/Resources/Fonts & Materials/LiberationSans SDF - Drop Shadow.mat using Guid(e73a58f6e2794ae7b1b7e50b7fb811b0) Importer(815301076,1909f56bfc062723c751e8b465ee728b)  -> (artifact id: 'ca0d2861f60500f05bd29199894f7bb5') in 0.077259 seconds
  Import took 0.081156 seconds .

========================================================================
Received Import Request.
  Time since last request: 0.000759 seconds.
  path: Assets/TextMesh Pro/Resources/Fonts & Materials/LiberationSans SDF.asset
  artifactKey: Guid(8f586378b4e144a9851e7b34d9b748ee) Importer(815301076,1909f56bfc062723c751e8b465ee728b)
Start importing Assets/TextMesh Pro/Resources/Fonts & Materials/LiberationSans SDF.asset using Guid(8f586378b4e144a9851e7b34d9b748ee) Importer(815301076,1909f56bfc062723c751e8b465ee728b)  -> (artifact id: 'f1280cc7be10b532b2897fc8654f95d3') in 0.039929 seconds
  Import took 0.043882 seconds .

========================================================================
Received Import Request.
  Time since last request: 0.000287 seconds.
  path: Assets/UT/Model/Eyepart/Materials/kulit_dalam_mata.mat
  artifactKey: Guid(ea94d0ec31501b4429d3ce8d51e800e5) Importer(815301076,1909f56bfc062723c751e8b465ee728b)
Start importing Assets/UT/Model/Eyepart/Materials/kulit_dalam_mata.mat using Guid(ea94d0ec31501b4429d3ce8d51e800e5) Importer(815301076,1909f56bfc062723c751e8b465ee728b)  -> (artifact id: 'f13e21906fd4f75470340d67dbe6f45d') in 0.013660 seconds
  Import took 0.016385 seconds .

========================================================================
Received Prepare
Registering precompiled user dll's ...
Registered in 0.002779 seconds.
Begin MonoManager ReloadAssembly
Native extension for WindowsStandalone target not found
Refreshing native plugins compatible for Editor in 0.46 ms, found 3 plugins.
Preloading 0 native plugins for Editor in 0.00 ms.
Mono: successfully reloaded assembly
- Completed reload, in  0.728 seconds
Platform modules already initialized, skipping
Switching build target platform(19) subTarget(0) extendedPlatform(0) -> platform(13) subTarget(524288) extendedPlatform(0)
Refreshing native plugins compatible for Editor in 0.53 ms, found 3 plugins.
Preloading 0 native plugins for Editor in 0.00 ms.
Unloading 1563 Unused Serialized files (Serialized files now loaded: 0)
System memory in use before: 78.3 MB.
System memory in use after: 78.4 MB.

Unloading 28 unused Assets to reduce memory usage. Loaded Objects now: 2079.
Total: 1.690100 ms (FindLiveObjects: 0.141100 ms CreateObjectMapping: 0.039000 ms MarkObjects: 1.492900 ms  DeleteObjects: 0.016200 ms)

AssetImportParameters requested are different than current active one (requested -> active):
  custom:graphics/normal-map-encoding: 01000000000000000000000000000000 -> 02000000000000000000000000000000
========================================================================
Received Import Request.
  Time since last request: 215.286075 seconds.
  path: Assets/UT/Model/CaraMataMelihat/Materials/light.003.mat
  artifactKey: Guid(0f65b6134d163ba4983e81989349e037) Importer(815301076,1909f56bfc062723c751e8b465ee728b)
Start importing Assets/UT/Model/CaraMataMelihat/Materials/light.003.mat using Guid(0f65b6134d163ba4983e81989349e037) Importer(815301076,1909f56bfc062723c751e8b465ee728b)  -> (artifact id: 'e6c9b851fa3a4207904aa8e8801ebf55') in 0.110032 seconds
  Import took 0.113798 seconds .

========================================================================
Received Import Request.
  Time since last request: 0.000238 seconds.
  path: Assets/UT/Model/CaraMataMelihat/Materials/light.mat
  artifactKey: Guid(0e3286e6d3c32774b8b82e0fa93a2b33) Importer(815301076,1909f56bfc062723c751e8b465ee728b)
Start importing Assets/UT/Model/CaraMataMelihat/Materials/light.mat using Guid(0e3286e6d3c32774b8b82e0fa93a2b33) Importer(815301076,1909f56bfc062723c751e8b465ee728b)  -> (artifact id: '698f888f99a817828bb263d701948b35') in 0.010755 seconds
  Import took 0.014621 seconds .

========================================================================
Received Prepare
Registering precompiled user dll's ...
Registered in 0.002469 seconds.
Begin MonoManager ReloadAssembly
Native extension for WindowsStandalone target not found
Refreshing native plugins compatible for Editor in 0.50 ms, found 3 plugins.
Preloading 0 native plugins for Editor in 0.00 ms.
Mono: successfully reloaded assembly
- Completed reload, in  0.697 seconds
Platform modules already initialized, skipping
Switching build target platform(19) subTarget(0) extendedPlatform(0) -> platform(13) subTarget(524288) extendedPlatform(0)
Refreshing native plugins compatible for Editor in 0.67 ms, found 3 plugins.
Preloading 0 native plugins for Editor in 0.00 ms.
Unloading 1563 Unused Serialized files (Serialized files now loaded: 0)
System memory in use before: 78.3 MB.
System memory in use after: 78.4 MB.

Unloading 28 unused Assets to reduce memory usage. Loaded Objects now: 2083.
Total: 1.749100 ms (FindLiveObjects: 0.124800 ms CreateObjectMapping: 0.028000 ms MarkObjects: 1.576800 ms  DeleteObjects: 0.018600 ms)

AssetImportParameters requested are different than current active one (requested -> active):
  custom:graphics/normal-map-encoding: 01000000000000000000000000000000 -> 02000000000000000000000000000000
========================================================================
Received Import Request.
  Time since last request: 1071.731623 seconds.
  path: Assets/UT/Model/RabunDekat/Materials/light2.001.mat
  artifactKey: Guid(0b6117141242f22419bcadbaef9385e3) Importer(815301076,1909f56bfc062723c751e8b465ee728b)
Start importing Assets/UT/Model/RabunDekat/Materials/light2.001.mat using Guid(0b6117141242f22419bcadbaef9385e3) Importer(815301076,1909f56bfc062723c751e8b465ee728b)  -> (artifact id: '80f17ca0aedccc50113e5db9d5ea3d9e') in 0.064628 seconds
  Import took 0.069946 seconds .

========================================================================
Received Import Request.
  Time since last request: 0.006205 seconds.
  path: Assets/UT/Model/RabunDekat/Materials/light2.001.mat
  artifactKey: Guid(0b6117141242f22419bcadbaef9385e3) Importer(815301076,1909f56bfc062723c751e8b465ee728b)
Start importing Assets/UT/Model/RabunDekat/Materials/light2.001.mat using Guid(0b6117141242f22419bcadbaef9385e3) Importer(815301076,1909f56bfc062723c751e8b465ee728b)  -> (artifact id: '80f17ca0aedccc50113e5db9d5ea3d9e') in 0.015163 seconds
  Import took 0.018506 seconds .

========================================================================
Received Import Request.
  Time since last request: 42.943756 seconds.
  path: Assets/UT/Model/Eyepart/Materials/lensa_mata.mat
  artifactKey: Guid(976c49cbf95d21348b66dad9eba02507) Importer(815301076,1909f56bfc062723c751e8b465ee728b)
Start importing Assets/UT/Model/Eyepart/Materials/lensa_mata.mat using Guid(976c49cbf95d21348b66dad9eba02507) Importer(815301076,1909f56bfc062723c751e8b465ee728b)  -> (artifact id: '475633e1a5a1b22804afd9c0f924c6f4') in 0.024398 seconds
  Import took 0.028430 seconds .

========================================================================
Received Import Request.
  Time since last request: 0.005185 seconds.
  path: Assets/UT/Model/Eyepart/Materials/lensa_mata.mat
  artifactKey: Guid(976c49cbf95d21348b66dad9eba02507) Importer(815301076,1909f56bfc062723c751e8b465ee728b)
Start importing Assets/UT/Model/Eyepart/Materials/lensa_mata.mat using Guid(976c49cbf95d21348b66dad9eba02507) Importer(815301076,1909f56bfc062723c751e8b465ee728b)  -> (artifact id: '475633e1a5a1b22804afd9c0f924c6f4') in 0.013697 seconds
  Import took 0.016795 seconds .

========================================================================
Received Prepare
Registering precompiled user dll's ...
Registered in 0.001900 seconds.
Begin MonoManager ReloadAssembly
Native extension for WindowsStandalone target not found
Refreshing native plugins compatible for Editor in 0.49 ms, found 3 plugins.
Preloading 0 native plugins for Editor in 0.00 ms.
Mono: successfully reloaded assembly
- Completed reload, in  0.826 seconds
Platform modules already initialized, skipping
Switching build target platform(19) subTarget(0) extendedPlatform(0) -> platform(13) subTarget(524288) extendedPlatform(0)
Refreshing native plugins compatible for Editor in 0.47 ms, found 3 plugins.
Preloading 0 native plugins for Editor in 0.00 ms.
Unloading 1563 Unused Serialized files (Serialized files now loaded: 0)
System memory in use before: 78.4 MB.
System memory in use after: 78.5 MB.

Unloading 28 unused Assets to reduce memory usage. Loaded Objects now: 2087.
Total: 1.787600 ms (FindLiveObjects: 0.262500 ms CreateObjectMapping: 0.086900 ms MarkObjects: 1.419700 ms  DeleteObjects: 0.016500 ms)

AssetImportParameters requested are different than current active one (requested -> active):
  custom:graphics/normal-map-encoding: 01000000000000000000000000000000 -> 02000000000000000000000000000000
========================================================================
Received Prepare
Registering precompiled user dll's ...
Registered in 0.002917 seconds.
Begin MonoManager ReloadAssembly
Native extension for WindowsStandalone target not found
Refreshing native plugins compatible for Editor in 0.45 ms, found 3 plugins.
Preloading 0 native plugins for Editor in 0.00 ms.
Mono: successfully reloaded assembly
- Completed reload, in  0.691 seconds
Platform modules already initialized, skipping
Switching build target platform(19) subTarget(0) extendedPlatform(0) -> platform(13) subTarget(524288) extendedPlatform(0)
Refreshing native plugins compatible for Editor in 0.57 ms, found 3 plugins.
Preloading 0 native plugins for Editor in 0.00 ms.
Unloading 1563 Unused Serialized files (Serialized files now loaded: 0)
System memory in use before: 78.4 MB.
System memory in use after: 78.5 MB.

Unloading 28 unused Assets to reduce memory usage. Loaded Objects now: 2090.
Total: 2.177700 ms (FindLiveObjects: 0.235300 ms CreateObjectMapping: 0.072400 ms MarkObjects: 1.835100 ms  DeleteObjects: 0.033400 ms)

AssetImportParameters requested are different than current active one (requested -> active):
  custom:graphics/normal-map-encoding: 01000000000000000000000000000000 -> 02000000000000000000000000000000
========================================================================
Received Import Request.
  Time since last request: 693.152288 seconds.
  path: Assets/UT/Model/CaraMataMelihat/mata_melihat suatu benda.fbx
  artifactKey: Guid(a64983f7f941c9d4d84912f37c24a492) Importer(815301076,1909f56bfc062723c751e8b465ee728b)
Start importing Assets/UT/Model/CaraMataMelihat/mata_melihat suatu benda.fbx using Guid(a64983f7f941c9d4d84912f37c24a492) Importer(815301076,1909f56bfc062723c751e8b465ee728b)  -> (artifact id: '7737d4ef616c790622b4c11db6ac4296') in 0.078938 seconds
  Import took 0.082681 seconds .

========================================================================
Received Import Request.
  Time since last request: 18.837235 seconds.
  path: Assets/UT/Model/CaraMataMelihat/mata_melihat suatu benda.fbx
  artifactKey: Guid(a64983f7f941c9d4d84912f37c24a492) Importer(815301076,1909f56bfc062723c751e8b465ee728b)
Start importing Assets/UT/Model/CaraMataMelihat/mata_melihat suatu benda.fbx using Guid(a64983f7f941c9d4d84912f37c24a492) Importer(815301076,1909f56bfc062723c751e8b465ee728b)  -> (artifact id: '974d3946b804d1f159e7e8bdd1c2e0bf') in 0.041690 seconds
  Import took 0.045640 seconds .

========================================================================
Received Import Request.
  Time since last request: 27.823587 seconds.
  path: Assets/UT/Model/CaraMataMelihat/mata_melihat suatu benda.fbx
  artifactKey: Guid(a64983f7f941c9d4d84912f37c24a492) Importer(815301076,1909f56bfc062723c751e8b465ee728b)
Start importing Assets/UT/Model/CaraMataMelihat/mata_melihat suatu benda.fbx using Guid(a64983f7f941c9d4d84912f37c24a492) Importer(815301076,1909f56bfc062723c751e8b465ee728b)  -> (artifact id: '8cc6bff349213c54a69430cf10a49d21') in 0.039666 seconds
  Import took 0.042848 seconds .

========================================================================
Received Import Request.
  Time since last request: 45.909504 seconds.
  path: Assets/UT/Model/CaraMataMelihat/mata_melihat suatu benda.fbx
  artifactKey: Guid(a64983f7f941c9d4d84912f37c24a492) Importer(815301076,1909f56bfc062723c751e8b465ee728b)
Start importing Assets/UT/Model/CaraMataMelihat/mata_melihat suatu benda.fbx using Guid(a64983f7f941c9d4d84912f37c24a492) Importer(815301076,1909f56bfc062723c751e8b465ee728b)  -> (artifact id: '745f493d9f051d98ca7802e737196f5f') in 0.039736 seconds
  Import took 0.044303 seconds .

========================================================================
Received Prepare
Registering precompiled user dll's ...
Registered in 0.001890 seconds.
Begin MonoManager ReloadAssembly
Native extension for WindowsStandalone target not found
Refreshing native plugins compatible for Editor in 0.45 ms, found 3 plugins.
Preloading 0 native plugins for Editor in 0.00 ms.
Mono: successfully reloaded assembly
- Completed reload, in  0.749 seconds
Platform modules already initialized, skipping
Switching build target platform(19) subTarget(0) extendedPlatform(0) -> platform(13) subTarget(524288) extendedPlatform(0)
Refreshing native plugins compatible for Editor in 0.55 ms, found 3 plugins.
Preloading 0 native plugins for Editor in 0.00 ms.
Unloading 1563 Unused Serialized files (Serialized files now loaded: 0)
System memory in use before: 78.4 MB.
System memory in use after: 78.5 MB.

Unloading 28 unused Assets to reduce memory usage. Loaded Objects now: 2094.
Total: 1.718700 ms (FindLiveObjects: 0.213500 ms CreateObjectMapping: 0.029600 ms MarkObjects: 1.454600 ms  DeleteObjects: 0.019700 ms)

AssetImportParameters requested are different than current active one (requested -> active):
  custom:graphics/normal-map-encoding: 01000000000000000000000000000000 -> 02000000000000000000000000000000
========================================================================
Received Prepare
Registering precompiled user dll's ...
Registered in 0.002738 seconds.
Begin MonoManager ReloadAssembly
Native extension for WindowsStandalone target not found
Refreshing native plugins compatible for Editor in 0.48 ms, found 3 plugins.
Preloading 0 native plugins for Editor in 0.00 ms.
Mono: successfully reloaded assembly
- Completed reload, in  0.753 seconds
Platform modules already initialized, skipping
Switching build target platform(19) subTarget(0) extendedPlatform(0) -> platform(13) subTarget(524288) extendedPlatform(0)
Refreshing native plugins compatible for Editor in 0.67 ms, found 3 plugins.
Preloading 0 native plugins for Editor in 0.00 ms.
Unloading 1563 Unused Serialized files (Serialized files now loaded: 0)
System memory in use before: 78.4 MB.
System memory in use after: 78.5 MB.

Unloading 28 unused Assets to reduce memory usage. Loaded Objects now: 2097.
Total: 1.889900 ms (FindLiveObjects: 0.231900 ms CreateObjectMapping: 0.068900 ms MarkObjects: 1.567300 ms  DeleteObjects: 0.020500 ms)

AssetImportParameters requested are different than current active one (requested -> active):
  custom:graphics/normal-map-encoding: 01000000000000000000000000000000 -> 02000000000000000000000000000000
========================================================================
Received Import Request.
  Time since last request: 3285.781963 seconds.
  path: Assets/LeanTween/Examples/Material/WalkingStick.mat
  artifactKey: Guid(3285d6d0bc506494b8fecba4d7aada26) Importer(815301076,1909f56bfc062723c751e8b465ee728b)
Start importing Assets/LeanTween/Examples/Material/WalkingStick.mat using Guid(3285d6d0bc506494b8fecba4d7aada26) Importer(815301076,1909f56bfc062723c751e8b465ee728b)  -> (artifact id: 'c72c9dfab45709f8a11ea37cbc5bd281') in 0.082445 seconds
  Import took 0.086932 seconds .

========================================================================
Received Import Request.
  Time since last request: 0.000218 seconds.
  path: Assets/LeanTween/Examples/Material/TrailFollowMaterial.mat
  artifactKey: Guid(ff16fb4a90fe84bec9c8f29698aa0eed) Importer(815301076,1909f56bfc062723c751e8b465ee728b)
Start importing Assets/LeanTween/Examples/Material/TrailFollowMaterial.mat using Guid(ff16fb4a90fe84bec9c8f29698aa0eed) Importer(815301076,1909f56bfc062723c751e8b465ee728b)  -> (artifact id: '16a206675cd65d672ce261bb5fb2e766') in 0.050946 seconds
  Import took 0.054520 seconds .

========================================================================
Received Import Request.
  Time since last request: 0.000382 seconds.
  path: Assets/LeanTween/Examples/Material/TrackLines.mat
  artifactKey: Guid(54538213a935248b8ac1ce7b42140cad) Importer(815301076,1909f56bfc062723c751e8b465ee728b)
Start importing Assets/LeanTween/Examples/Material/TrackLines.mat using Guid(54538213a935248b8ac1ce7b42140cad) Importer(815301076,1909f56bfc062723c751e8b465ee728b)  -> (artifact id: '0ea049ee708854ca9d4b3cda6c27a6f8') in 0.040162 seconds
  Import took 0.043921 seconds .

========================================================================
Received Import Request.
  Time since last request: 0.000421 seconds.
  path: Assets/LeanTween/Examples/Material/TrackGlowMaterial.mat
  artifactKey: Guid(f99cee49392444d14b5e8c16cd41348d) Importer(815301076,1909f56bfc062723c751e8b465ee728b)
Start importing Assets/LeanTween/Examples/Material/TrackGlowMaterial.mat using Guid(f99cee49392444d14b5e8c16cd41348d) Importer(815301076,1909f56bfc062723c751e8b465ee728b)  -> (artifact id: 'fc18e3d21151909246bf21c6f5002c0d') in 0.038315 seconds
  Import took 0.041085 seconds .

========================================================================
Received Import Request.
  Time since last request: 0.000331 seconds.
  path: Assets/LeanTween/Examples/Material/TrackFollowMaterial.mat
  artifactKey: Guid(9efbdb862990242178d5b47a40b48e80) Importer(815301076,1909f56bfc062723c751e8b465ee728b)
Start importing Assets/LeanTween/Examples/Material/TrackFollowMaterial.mat using Guid(9efbdb862990242178d5b47a40b48e80) Importer(815301076,1909f56bfc062723c751e8b465ee728b)  -> (artifact id: '70bbb1c436f2f60f25301ed2b14cccc6') in 0.018273 seconds
  Import took 0.021842 seconds .

========================================================================
Received Import Request.
  Time since last request: 0.326926 seconds.
  path: Assets/LeanTween/Examples/Models/Materials/SubTitleText.mat
  artifactKey: Guid(33b82a22301d648c5afa1a682a259e5d) Importer(815301076,1909f56bfc062723c751e8b465ee728b)
Start importing Assets/LeanTween/Examples/Models/Materials/SubTitleText.mat using Guid(33b82a22301d648c5afa1a682a259e5d) Importer(815301076,1909f56bfc062723c751e8b465ee728b)  -> (artifact id: '9c05b2a98fea4999870adbb3c9b8fafd') in 0.016294 seconds
  Import took 0.020039 seconds .

========================================================================
Received Import Request.
  Time since last request: 0.000194 seconds.
  path: Assets/LeanTween/Examples/Material/TrackCar.mat
  artifactKey: Guid(3e55a11a05aa141af9f3be5e921cc003) Importer(815301076,1909f56bfc062723c751e8b465ee728b)
Start importing Assets/LeanTween/Examples/Material/TrackCar.mat using Guid(3e55a11a05aa141af9f3be5e921cc003) Importer(815301076,1909f56bfc062723c751e8b465ee728b)  -> (artifact id: '19cb8d360ccc5a237dc54b64e93f87d1') in 0.017675 seconds
  Import took 0.021304 seconds .

========================================================================
Received Import Request.
  Time since last request: 0.155502 seconds.
  path: Assets/LeanTween/Examples/Models/Materials/SimpleAvatarHat.mat
  artifactKey: Guid(894fe1d86fb5943f6a486e218bba2072) Importer(815301076,1909f56bfc062723c751e8b465ee728b)
Start importing Assets/LeanTween/Examples/Models/Materials/SimpleAvatarHat.mat using Guid(894fe1d86fb5943f6a486e218bba2072) Importer(815301076,1909f56bfc062723c751e8b465ee728b)  -> (artifact id: '5880ceb2ce0ba8e992dee290b4b879d1') in 0.019418 seconds
  Import took 0.023032 seconds .

========================================================================
Received Import Request.
  Time since last request: 0.000293 seconds.
  path: Assets/LeanTween/Examples/Models/Materials/SimpleAvatarSpace.mat
  artifactKey: Guid(9682c3da6d5384d098160b19ba3e02c5) Importer(815301076,1909f56bfc062723c751e8b465ee728b)
Start importing Assets/LeanTween/Examples/Models/Materials/SimpleAvatarSpace.mat using Guid(9682c3da6d5384d098160b19ba3e02c5) Importer(815301076,1909f56bfc062723c751e8b465ee728b)  -> (artifact id: '043fac42102c5c9853e82ad815208da2') in 0.018779 seconds
  Import took 0.023296 seconds .

========================================================================
Received Import Request.
  Time since last request: 0.000304 seconds.
  path: Assets/LeanTween/Examples/Material/SpaceLineGlowMaterial.mat
  artifactKey: Guid(4d170a8aa584240f4b18ce6a5e58ef2e) Importer(815301076,1909f56bfc062723c751e8b465ee728b)
Start importing Assets/LeanTween/Examples/Material/SpaceLineGlowMaterial.mat using Guid(4d170a8aa584240f4b18ce6a5e58ef2e) Importer(815301076,1909f56bfc062723c751e8b465ee728b)  -> (artifact id: '46e84f37957b49f3ce25fb4294494bc2') in 0.038823 seconds
  Import took 0.041869 seconds .

========================================================================
Received Import Request.
  Time since last request: 0.000340 seconds.
  path: Assets/LeanTween/Examples/Models/Materials/SimpleAvatarMat.mat
  artifactKey: Guid(5732f0a6e68964f3eb5c3ebb94242055) Importer(815301076,1909f56bfc062723c751e8b465ee728b)
Start importing Assets/LeanTween/Examples/Models/Materials/SimpleAvatarMat.mat using Guid(5732f0a6e68964f3eb5c3ebb94242055) Importer(815301076,1909f56bfc062723c751e8b465ee728b)  -> (artifact id: '82a5e5f1b9f76811c2ae459789d24ea7') in 0.017350 seconds
  Import took 0.021923 seconds .

========================================================================
Received Import Request.
  Time since last request: 4.033230 seconds.
  path: Assets/LeanTween/Examples/Models/Materials/SimpleAvatarAlphaBlue.mat
  artifactKey: Guid(39a7c2c726d36466a82bb11886f760e1) Importer(815301076,1909f56bfc062723c751e8b465ee728b)
Start importing Assets/LeanTween/Examples/Models/Materials/SimpleAvatarAlphaBlue.mat using Guid(39a7c2c726d36466a82bb11886f760e1) Importer(815301076,1909f56bfc062723c751e8b465ee728b)  -> (artifact id: '1b153e31a1ec104284a3a37ab895e971') in 0.023308 seconds
  Import took 0.027616 seconds .

========================================================================
Received Import Request.
  Time since last request: 0.000339 seconds.
  path: Assets/LeanTween/Examples/Models/Materials/SimpleAvatarBlue.mat
  artifactKey: Guid(e86c6ee57cd4c400ea5852025bc7b7c3) Importer(815301076,1909f56bfc062723c751e8b465ee728b)
Start importing Assets/LeanTween/Examples/Models/Materials/SimpleAvatarBlue.mat using Guid(e86c6ee57cd4c400ea5852025bc7b7c3) Importer(815301076,1909f56bfc062723c751e8b465ee728b)  -> (artifact id: 'd3492f6235a72efda9f73c7090e4faae') in 0.020844 seconds
  Import took 0.024559 seconds .

========================================================================
Received Import Request.
  Time since last request: 1.817957 seconds.
  path: Assets/UT/Model/Eyepart/Materials/serat_mata.mat
  artifactKey: Guid(375e7ba04ee240c4b871a7dd52c9e255) Importer(815301076,1909f56bfc062723c751e8b465ee728b)
Start importing Assets/UT/Model/Eyepart/Materials/serat_mata.mat using Guid(375e7ba04ee240c4b871a7dd52c9e255) Importer(815301076,1909f56bfc062723c751e8b465ee728b)  -> (artifact id: '34d6fcdf68877c11c3cff0417505c3d6') in 0.016229 seconds
  Import took 0.019999 seconds .

========================================================================
Received Import Request.
  Time since last request: 0.002594 seconds.
  path: Assets/UT/Model/Eyepart/Materials/serat_mata.mat
  artifactKey: Guid(375e7ba04ee240c4b871a7dd52c9e255) Importer(815301076,1909f56bfc062723c751e8b465ee728b)
Start importing Assets/UT/Model/Eyepart/Materials/serat_mata.mat using Guid(375e7ba04ee240c4b871a7dd52c9e255) Importer(815301076,1909f56bfc062723c751e8b465ee728b)  -> (artifact id: '34d6fcdf68877c11c3cff0417505c3d6') in 0.013378 seconds
  Import took 0.016909 seconds .

========================================================================
Received Import Request.
  Time since last request: 0.403075 seconds.
  path: Assets/UT/Model/RabunDekat/Materials/screw.001.mat
  artifactKey: Guid(dd6b5bc50faa06a4389d11eab9d039ea) Importer(815301076,1909f56bfc062723c751e8b465ee728b)
Start importing Assets/UT/Model/RabunDekat/Materials/screw.001.mat using Guid(dd6b5bc50faa06a4389d11eab9d039ea) Importer(815301076,1909f56bfc062723c751e8b465ee728b)  -> (artifact id: 'd319cf84a4684a46b1c18fc1ac2c52f5') in 0.016587 seconds
  Import took 0.019889 seconds .

========================================================================
Received Import Request.
  Time since last request: 0.128465 seconds.
  path: Assets/UT/Model/Eyepart/Materials/saraf_merah.mat
  artifactKey: Guid(e7d93bfc95dd9f24bb9491e6a4a5c756) Importer(815301076,1909f56bfc062723c751e8b465ee728b)
Start importing Assets/UT/Model/Eyepart/Materials/saraf_merah.mat using Guid(e7d93bfc95dd9f24bb9491e6a4a5c756) Importer(815301076,1909f56bfc062723c751e8b465ee728b)  -> (artifact id: '9da06aca3f1fb8b95fae963395f07168') in 0.013424 seconds
  Import took 0.017687 seconds .

========================================================================
Received Import Request.
  Time since last request: 0.000428 seconds.
  path: Assets/UT/Model/Eyepart/Materials/sarah_biru.mat
  artifactKey: Guid(d9bbab33af38b75499836d4b60ad2748) Importer(815301076,1909f56bfc062723c751e8b465ee728b)
Start importing Assets/UT/Model/Eyepart/Materials/sarah_biru.mat using Guid(d9bbab33af38b75499836d4b60ad2748) Importer(815301076,1909f56bfc062723c751e8b465ee728b)  -> (artifact id: 'f0c1e1626524eb92380e11c9ed92634e') in 0.014998 seconds
  Import took 0.018117 seconds .

========================================================================
Received Import Request.
  Time since last request: 21.445504 seconds.
  path: Assets/UT/Model/CaraMataMelihat/Materials/light.003.mat
  artifactKey: Guid(0f65b6134d163ba4983e81989349e037) Importer(815301076,1909f56bfc062723c751e8b465ee728b)
Start importing Assets/UT/Model/CaraMataMelihat/Materials/light.003.mat using Guid(0f65b6134d163ba4983e81989349e037) Importer(815301076,1909f56bfc062723c751e8b465ee728b)  -> (artifact id: '0335244d0954eaa68331acb1c63923b1') in 0.013533 seconds
  Import took 0.017706 seconds .

========================================================================
Received Import Request.
  Time since last request: 0.000376 seconds.
  path: Assets/UT/Model/CaraMataMelihat/Materials/light.mat
  artifactKey: Guid(0e3286e6d3c32774b8b82e0fa93a2b33) Importer(815301076,1909f56bfc062723c751e8b465ee728b)
Start importing Assets/UT/Model/CaraMataMelihat/Materials/light.mat using Guid(0e3286e6d3c32774b8b82e0fa93a2b33) Importer(815301076,1909f56bfc062723c751e8b465ee728b)  -> (artifact id: 'a9b8e94919a973fc8c374de0f5e90e8a') in 0.012342 seconds
  Import took 0.016798 seconds .

========================================================================
Received Import Request.
  Time since last request: 6.851217 seconds.
  path: Assets/UT/Model/CaraMataMelihat/Materials/cube.mat
  artifactKey: Guid(f5c5ff2b20c32b548842a206bdc83bd4) Importer(815301076,1909f56bfc062723c751e8b465ee728b)
Start importing Assets/UT/Model/CaraMataMelihat/Materials/cube.mat using Guid(f5c5ff2b20c32b548842a206bdc83bd4) Importer(815301076,1909f56bfc062723c751e8b465ee728b)  -> (artifact id: 'd9946f01b8d41578c3d64e1e37e8e267') in 0.013449 seconds
  Import took 0.017794 seconds .

========================================================================
Received Import Request.
  Time since last request: 817.358162 seconds.
  path: Assets/UT/Model/RabunJauh/rabun_jauh.fbx
  artifactKey: Guid(91a798e94b7a0594ab85fd4518a71ad4) Importer(815301076,1909f56bfc062723c751e8b465ee728b)
Start importing Assets/UT/Model/RabunJauh/rabun_jauh.fbx using Guid(91a798e94b7a0594ab85fd4518a71ad4) Importer(815301076,1909f56bfc062723c751e8b465ee728b)  -> (artifact id: '8f1d04b588369290faf9822aa97bb5be') in 0.074848 seconds
  Import took 0.079144 seconds .

========================================================================
Received Import Request.
  Time since last request: 1318.011700 seconds.
  path: Assets/UT/Model/RabunJauh/rabun_jauh.fbx
  artifactKey: Guid(91a798e94b7a0594ab85fd4518a71ad4) Importer(815301076,1909f56bfc062723c751e8b465ee728b)
Start importing Assets/UT/Model/RabunJauh/rabun_jauh.fbx using Guid(91a798e94b7a0594ab85fd4518a71ad4) Importer(815301076,1909f56bfc062723c751e8b465ee728b)  -> (artifact id: '1559cd147169de66149cb1aa0f4af933') in 0.061378 seconds
  Import took 0.066170 seconds .

========================================================================
Received Import Request.
  Time since last request: 51.865354 seconds.
  path: Assets/UT/Model/RabunJauh/rabun_jauh.fbx
  artifactKey: Guid(91a798e94b7a0594ab85fd4518a71ad4) Importer(815301076,1909f56bfc062723c751e8b465ee728b)
Start importing Assets/UT/Model/RabunJauh/rabun_jauh.fbx using Guid(91a798e94b7a0594ab85fd4518a71ad4) Importer(815301076,1909f56bfc062723c751e8b465ee728b)  -> (artifact id: 'a0e67fb9e6ce4994631d05f3d801eec2') in 0.065085 seconds
  Import took 0.070708 seconds .

========================================================================
Received Import Request.
  Time since last request: 69.073257 seconds.
  path: Assets/UT/Model/RabunJauh/rabun_jauh.fbx
  artifactKey: Guid(91a798e94b7a0594ab85fd4518a71ad4) Importer(815301076,1909f56bfc062723c751e8b465ee728b)
Start importing Assets/UT/Model/RabunJauh/rabun_jauh.fbx using Guid(91a798e94b7a0594ab85fd4518a71ad4) Importer(815301076,1909f56bfc062723c751e8b465ee728b)  -> (artifact id: '3bacf17156f4c1b759fa404798bef61a') in 0.058083 seconds
  Import took 0.061776 seconds .

========================================================================
Received Prepare
Registering precompiled user dll's ...
Registered in 0.001829 seconds.
Begin MonoManager ReloadAssembly
Native extension for WindowsStandalone target not found
Refreshing native plugins compatible for Editor in 0.50 ms, found 3 plugins.
Preloading 0 native plugins for Editor in 0.00 ms.
Mono: successfully reloaded assembly
- Completed reload, in  0.778 seconds
Platform modules already initialized, skipping
Switching build target platform(19) subTarget(0) extendedPlatform(0) -> platform(13) subTarget(524288) extendedPlatform(0)
Refreshing native plugins compatible for Editor in 0.54 ms, found 3 plugins.
Preloading 0 native plugins for Editor in 0.00 ms.
Unloading 1563 Unused Serialized files (Serialized files now loaded: 0)
System memory in use before: 78.6 MB.
System memory in use after: 78.7 MB.

Unloading 28 unused Assets to reduce memory usage. Loaded Objects now: 2105.
Total: 1.811900 ms (FindLiveObjects: 0.224100 ms CreateObjectMapping: 0.071900 ms MarkObjects: 1.498000 ms  DeleteObjects: 0.016500 ms)

AssetImportParameters requested are different than current active one (requested -> active):
  custom:graphics/normal-map-encoding: 01000000000000000000000000000000 -> 02000000000000000000000000000000
========================================================================
Received Import Request.
  Time since last request: 574.183603 seconds.
  path: Assets/UT/Model/RabunJauh/rabun_jauh_2.fbx
  artifactKey: Guid(2c25a4ac2fd09284ea1cf00205c43da4) Importer(815301076,1909f56bfc062723c751e8b465ee728b)
Start importing Assets/UT/Model/RabunJauh/rabun_jauh_2.fbx using Guid(2c25a4ac2fd09284ea1cf00205c43da4) Importer(815301076,1909f56bfc062723c751e8b465ee728b)  -> (artifact id: '2833a980517160299b0ef0997886f875') in 0.100763 seconds
  Import took 0.103951 seconds .

========================================================================
Received Import Request.
  Time since last request: 1468.701048 seconds.
  path: Assets/UT/Model/CaraMataMelihat/Materials/cube.mat
  artifactKey: Guid(f5c5ff2b20c32b548842a206bdc83bd4) Importer(815301076,1909f56bfc062723c751e8b465ee728b)
Start importing Assets/UT/Model/CaraMataMelihat/Materials/cube.mat using Guid(f5c5ff2b20c32b548842a206bdc83bd4) Importer(815301076,1909f56bfc062723c751e8b465ee728b)  -> (artifact id: 'df40305738b1469dfafd747325d7021b') in 0.018244 seconds
  Import took 0.022796 seconds .

========================================================================
Received Import Request.
  Time since last request: 3.976798 seconds.
  path: Assets/UT/Model/RabunJauh/Materials/light1.mat
  artifactKey: Guid(7022b689a8015194d9cf6b8614aaf52d) Importer(815301076,1909f56bfc062723c751e8b465ee728b)
Start importing Assets/UT/Model/RabunJauh/Materials/light1.mat using Guid(7022b689a8015194d9cf6b8614aaf52d) Importer(815301076,1909f56bfc062723c751e8b465ee728b)  -> (artifact id: '0cc63c4bd3df4858281862e23e06a31b') in 0.014724 seconds
  Import took 0.017796 seconds .

========================================================================
Received Import Request.
  Time since last request: 0.003391 seconds.
  path: Assets/UT/Model/RabunJauh/Materials/light1.mat
  artifactKey: Guid(7022b689a8015194d9cf6b8614aaf52d) Importer(815301076,1909f56bfc062723c751e8b465ee728b)
Start importing Assets/UT/Model/RabunJauh/Materials/light1.mat using Guid(7022b689a8015194d9cf6b8614aaf52d) Importer(815301076,1909f56bfc062723c751e8b465ee728b)  -> (artifact id: '0cc63c4bd3df4858281862e23e06a31b') in 0.008192 seconds
  Import took 0.011810 seconds .

========================================================================
Received Prepare
Registering precompiled user dll's ...
Registered in 0.004529 seconds.
Begin MonoManager ReloadAssembly
Native extension for WindowsStandalone target not found
Refreshing native plugins compatible for Editor in 0.42 ms, found 3 plugins.
Preloading 0 native plugins for Editor in 0.00 ms.
Mono: successfully reloaded assembly
- Completed reload, in  0.653 seconds
Platform modules already initialized, skipping
Switching build target platform(19) subTarget(0) extendedPlatform(0) -> platform(13) subTarget(524288) extendedPlatform(0)
Refreshing native plugins compatible for Editor in 0.48 ms, found 3 plugins.
Preloading 0 native plugins for Editor in 0.00 ms.
Unloading 1563 Unused Serialized files (Serialized files now loaded: 0)
System memory in use before: 78.6 MB.
System memory in use after: 78.8 MB.

Unloading 28 unused Assets to reduce memory usage. Loaded Objects now: 2109.
Total: 1.534600 ms (FindLiveObjects: 0.117000 ms CreateObjectMapping: 0.027200 ms MarkObjects: 1.373200 ms  DeleteObjects: 0.016300 ms)

AssetImportParameters requested are different than current active one (requested -> active):
  custom:graphics/normal-map-encoding: 01000000000000000000000000000000 -> 02000000000000000000000000000000
========================================================================
Received Prepare
Registering precompiled user dll's ...
Registered in 0.001540 seconds.
Begin MonoManager ReloadAssembly
Native extension for WindowsStandalone target not found
Refreshing native plugins compatible for Editor in 0.41 ms, found 3 plugins.
Preloading 0 native plugins for Editor in 0.00 ms.
Mono: successfully reloaded assembly
- Completed reload, in  0.638 seconds
Platform modules already initialized, skipping
Switching build target platform(19) subTarget(0) extendedPlatform(0) -> platform(13) subTarget(524288) extendedPlatform(0)
Refreshing native plugins compatible for Editor in 0.44 ms, found 3 plugins.
Preloading 0 native plugins for Editor in 0.00 ms.
Unloading 1563 Unused Serialized files (Serialized files now loaded: 0)
System memory in use before: 78.7 MB.
System memory in use after: 78.8 MB.

Unloading 28 unused Assets to reduce memory usage. Loaded Objects now: 2112.
Total: 1.523200 ms (FindLiveObjects: 0.120000 ms CreateObjectMapping: 0.026500 ms MarkObjects: 1.357700 ms  DeleteObjects: 0.018200 ms)

AssetImportParameters requested are different than current active one (requested -> active):
  custom:graphics/normal-map-encoding: 01000000000000000000000000000000 -> 02000000000000000000000000000000
========================================================================
Received Import Request.
  Time since last request: 3402.901225 seconds.
  path: Assets/UT/Model/Eyepart/Materials/dalam_mata2.mat
  artifactKey: Guid(b81886b4584ace14e804872a43061874) Importer(815301076,1909f56bfc062723c751e8b465ee728b)
Start importing Assets/UT/Model/Eyepart/Materials/dalam_mata2.mat using Guid(b81886b4584ace14e804872a43061874) Importer(815301076,1909f56bfc062723c751e8b465ee728b)  -> (artifact id: '88bd9f4009abb2436808563b65cb5ac8') in 0.066803 seconds
  Import took 0.070675 seconds .

AssetImportWorkerClient::OnTransportError - code=2 error=End of file
